<?xml version="1.0" encoding="UTF-8"?>
<!-- Generated by org.testng.reporters.JUnitReportReporter -->
<testsuite hostname="dc1-vp-msvdi32" name="org.automation.signet.testcases.TC_001_SignetLogin" tests="1" failures="0" timestamp="11 Feb 2019 09:29:35 GMT" time="24.037" errors="0">
  <testcase name="tc_001_login" time="24.037" classname="org.automation.signet.testcases.TC_001_SignetLogin"/>
</testsuite> <!-- org.automation.signet.testcases.TC_001_SignetLogin -->
